ddG: description total fa_atr fa_rep fa_sol fa_intra_rep fa_elec pro_close hbond_sr_bb hbond_lr_bb hbond_bb_sc hbond_sc dslf_fa13 coordinate_constraint angle_constraint dihedral_constraint rama omega fa_dun p_aa_pp ref chainbreak res_type_constraint 
ddG: W407A     6.369    17.991    -2.712    -6.019    -0.025     0.712     0.003    -0.044     0.100     0.110     0.018     0.003     0.000     0.000     0.000    -0.235    -0.126    -2.435    -0.637    -0.336     0.000     0.000 

ddG: W407G     6.640    20.273    -3.232    -6.219    -0.027     0.563    -0.009    -0.172     0.149     0.012     0.021     0.003     0.000     0.000     0.000    -0.203    -0.226    -2.370    -1.135    -0.789     0.000     0.000 

ddG: W407Q     6.562    10.620    -1.857    -0.596    -0.009     0.743     0.002    -0.198     0.047     0.018     0.133    -0.005     0.000     0.000     0.000     0.089    -0.130     0.388    -0.575    -2.107     0.000     0.000 

ddG: Y18A     5.132    12.371    -1.854    -6.121    -0.023     0.705     0.002     0.050     0.113     1.395     0.047    -0.010     0.000     0.000     0.000    -0.392     0.165    -1.602    -0.178     0.461     0.000     0.000 

ddG: W407R     8.816     4.848    -1.351     7.083    -0.019     0.297     0.003    -0.101     0.056    -0.022     0.109    -0.002     0.000     0.000     0.000     0.295    -0.129    -0.442    -0.729    -1.078     0.000     0.000 

ddG: Y294A     7.231    14.473    -0.833    -6.479    -0.039     1.288    -0.004    -0.178     0.034    -0.052     1.998     0.006     0.000     0.000     0.000    -0.076    -0.205    -3.272     0.109     0.461     0.000     0.000 

ddG: Y295G     6.071    13.043    -1.260    -5.451    -0.022     0.199    -0.004     0.030    -0.163     0.214    -0.043     0.000     0.000     0.000     0.000     0.310    -0.038    -1.269     0.517     0.009     0.000     0.000 

ddG: Y295A     5.202    11.521    -0.930    -5.595    -0.023     0.307     0.013    -0.022    -0.205     0.049     0.022     0.001     0.000     0.000     0.000     0.170     0.217    -1.318     0.532     0.461     0.000     0.000 

ddG: Y166P     3.736     5.955     3.074    -3.853    -0.026    -0.926     0.433    -0.121    -0.017     0.372    -0.171    -0.001     0.000     0.000     0.000     0.364     0.037    -1.220     0.190    -0.351     0.000     0.000 

ddG: R297F     3.671    -0.873    -0.210    -5.322     0.039     4.108     0.023     0.015     0.093     0.160     2.943    -0.001     0.000     0.000     0.000     0.135    -0.063     1.955     0.088     0.580     0.000     0.000 

ddG: Y294F     0.331     2.052    -1.198    -3.519    -0.004     1.244    -0.012    -0.043    -0.071    -0.021     1.971     0.000     0.000     0.000     0.000    -0.344     0.283    -0.860     0.556     0.299     0.000     0.000 

ddG: W409Y     0.479     3.088     0.091    -1.116     0.001     0.083     0.002     0.029    -0.061    -0.003    -0.086    -0.001     0.000     0.000     0.000     0.096    -0.248    -0.424    -0.175    -0.798     0.000     0.000 

ddG: W399S     4.279    15.836    -4.106    -7.595    -0.037     1.422    -0.011     0.065    -0.015    -0.279    -0.347    -0.008     0.000     0.000     0.000    -0.331     0.365    -0.263     0.337    -0.753     0.000     0.000 

ddG: W399R     5.530     6.104    -3.979     3.893    -0.007    -0.889    -0.003     0.058    -0.042    -0.413    -0.554    -0.011     0.000     0.000     0.000    -0.085     0.444     2.229    -0.137    -1.078     0.000     0.000 

ddG: E406D     1.097     2.907    -0.203    -1.499     0.000     0.358     0.001    -0.198    -0.210    -0.017     1.332     0.002     0.000     0.000     0.000     0.180    -0.406    -1.290    -0.126     0.267     0.000     0.000 

ddG: L402C     2.619     4.857    -0.872     0.096    -0.009     0.013     0.009     0.016    -0.064    -0.026    -0.071     0.001     0.000     0.000     0.000     0.031    -0.234    -0.904     0.025    -0.247     0.000     0.000 

ddG: E164G     1.439     8.306    -2.840    -8.347     0.013     2.139     0.006    -0.107    -0.383    -0.419     3.822     0.000     0.000     0.000     0.000    -0.048    -0.284    -1.910    -0.202     1.694     0.000     0.000 

ddG: H379T     2.396     8.646     0.005    -2.851    -0.002     0.257    -0.018     0.037    -0.032     0.039    -1.101     0.002     0.000     0.000     0.000     0.044     0.063    -2.505     0.005    -0.193     0.000     0.000 

ddG: L122E     7.409    -0.459    -0.369     9.009    -0.006    -0.128    -0.013    -0.048     0.096    -0.088     0.009     0.000     0.000     0.000     0.000    -0.056     0.025     1.615    -0.022    -2.156     0.000     0.000 

ddG: H101R     0.549     2.549    -0.263    -0.566     0.009     0.029     0.005    -0.046     0.012     0.011    -0.148     0.000     0.000     0.000     0.000    -0.113    -0.057    -0.164    -0.202    -0.507     0.000     0.000 

ddG: E426S    -0.071     1.025     0.060    -0.581    -0.002    -0.317     0.005    -0.052     0.008     0.000    -0.351     0.000     0.000     0.000     0.000    -0.021     0.170    -1.607    -0.138     1.730     0.000     0.000 

ddG: L122N     5.812     1.244    -0.395     4.938    -0.006     0.285    -0.002    -0.106    -0.030    -0.010     0.011     0.000     0.000     0.000     0.000     0.064    -0.125     1.353     0.135    -1.544     0.000     0.000 

ddG: C167A    -0.322     1.223     0.071    -1.510     0.001     0.193     0.014     0.021    -0.071    -0.026    -0.002     0.000     0.000     0.000     0.000    -0.083    -0.056     0.009    -0.341     0.238     0.000     0.000 

ddG: E353A     1.422     7.397    -2.612   -10.072     0.015     1.767     0.023    -0.049    -0.092     0.432     3.686     0.001     0.000     0.000     0.000    -0.132    -0.306    -0.809     0.026     2.147     0.000     0.000 

ddG: E164R     1.723    -4.117     0.546     3.998     0.006     0.049     0.025    -0.008    -0.076    -0.377     0.524     0.002     0.000     0.000     0.000    -0.147    -0.105     0.377    -0.378     1.405     0.000     0.000 

ddG: Y75H     5.132     2.907    -0.532     0.658    -0.025     0.610    -0.001    -0.033     0.176    -0.078     1.384     0.000     0.000     0.000     0.000    -0.055     0.053    -0.040    -0.118     0.226     0.000     0.000 

ddG: E164A    -1.205     6.241    -1.352    -7.937    -0.003     1.063    -0.004     0.024    -0.220    -0.390     1.686    -0.002     0.000     0.000     0.000     0.098     0.187    -2.898     0.155     2.147     0.000     0.000 

ddG: E222Q    -1.288    -0.251    -0.482    -2.630    -0.001     1.231     0.011     0.055     0.103     0.085     0.753    -0.001     0.000     0.000     0.000    -0.139    -0.347     0.149    -0.200     0.376     0.000     0.000 

ddG: C167Q     1.048    -3.624     0.330     2.461    -0.002    -0.312     0.004    -0.023    -0.052     0.308    -0.346     0.001     0.000     0.000     0.000     0.027     0.408     3.564    -0.163    -1.533     0.000     0.000 

ddG: I244N    -3.444    -4.205     0.462     7.127    -0.003    -3.750     0.002    -0.042     0.110    -1.010    -4.386     0.000     0.000     0.000     0.000     0.196    -0.015     3.754     0.090    -1.774     0.000     0.000 

ddG: E222H    -4.721    -2.140     0.128    -2.768    -0.026     1.467    -0.022     0.071     0.458    -0.204     0.435    -0.002     0.000     0.000     0.000     0.059    -0.305    -3.472    -0.311     1.911     0.000     0.000 

ddG: E406A    -1.571     7.176    -0.414    -8.923    -0.007     0.886     0.004    -0.276    -0.250    -0.059     1.316     0.004     0.000     0.000     0.000     0.276    -0.260    -3.149    -0.041     2.147     0.000     0.000 

ddG: E177L    -1.587     0.272     0.752    -2.093     0.001     0.007    -0.011    -0.165    -0.200     0.007    -0.053     0.000     0.000     0.000     0.000     0.241     0.024    -2.587     0.061     2.156     0.000     0.000 

ddG: H315E     2.263     2.584     2.830    -0.796     0.004    -0.187    -0.002     0.073    -0.078    -0.059     0.030     0.007     0.000     0.000     0.000     0.084    -0.117    -0.836     0.638    -1.911     0.000     0.000 

ddG: M323K     2.514    -2.311    -3.095     5.622     0.003     0.225     0.009     0.125     0.143     0.154     0.172    -0.006     0.000     0.000     0.000    -0.125     0.044     2.273    -0.272    -0.446     0.000     0.000 

ddG: L362M    -1.054     0.200    -0.220     0.074    -0.013    -0.255    -0.009    -0.001     0.051     0.008     0.068     0.001     0.000     0.000     0.000     0.062     0.082    -0.756     0.098    -0.444     0.000     0.000 

ddG: E222R     0.023    -2.736    -1.859     2.147    -0.004     1.949     0.002     0.115     0.231    -0.698     2.599     0.001     0.000     0.000     0.000    -0.300    -0.300    -2.195    -0.333     1.405     0.000     0.000 

ddG: H178R     2.672    -0.238    -0.326     4.582     0.010     0.330     0.014     0.246    -0.082    -0.565    -0.146     0.001     0.000     0.000     0.000     0.215    -0.071    -0.857     0.065    -0.507     0.000     0.000 

ddG: H119A     2.293    10.070     1.374    -6.754    -0.067    -0.102    -0.019    -0.177    -0.200     1.041     0.780     0.004     0.000     0.000     0.000     0.305    -0.624    -4.233     0.658     0.235     0.000     0.000 

ddG: G355A     1.392    -2.962     2.535     0.190     0.011    -0.548     0.008     0.018     0.076     0.287    -0.744     0.001     0.000     0.000     0.000     0.505    -0.300     0.575     1.286     0.452     0.000     0.000 

ddG: M261D     5.683     2.471    -1.523     5.884     0.008    -0.398     0.004     0.239     0.091     0.122     0.081    -0.004     0.000     0.000     0.000     0.012     0.038     0.230    -0.128    -1.445     0.000     0.000 

ddG: I244E     0.615    -1.555     0.614     6.554    -0.013    -2.284     0.002     0.194     0.162     0.032    -3.212     0.002     0.000     0.000     0.000     0.076    -0.087     2.336     0.180    -2.386     0.000     0.000 

ddG: E222Y    -6.287    -3.988     0.000    -3.170    -0.012     2.237    -0.027     0.124     0.386     0.479     0.345    -0.002     0.000     0.000     0.000    -0.059    -0.018    -3.950    -0.318     1.685     0.000     0.000 

ddG: H119E     1.113     2.223    -0.282     4.459    -0.019    -3.586    -0.028    -0.104    -0.034    -0.035    -3.509    -0.002     0.000     0.000     0.000     0.199     0.543     2.558     0.643    -1.911     0.000     0.000 

ddG: M358T     1.134     2.978    -0.208     1.149     0.003    -0.592     0.008    -0.007    -0.086     0.011    -0.033     0.001     0.000     0.000     0.000     0.090     0.130    -2.028    -0.289     0.006     0.000     0.000 

ddG: H178R     2.672    -0.238    -0.326     4.582     0.010     0.330     0.014     0.246    -0.082    -0.565    -0.146     0.001     0.000     0.000     0.000     0.215    -0.071    -0.857     0.065    -0.507     0.000     0.000 

ddG: E222A    -0.966     4.995    -2.157    -7.120    -0.015     2.132     0.007     0.040     0.227     0.566     2.588    -0.001     0.000     0.000     0.000    -0.143    -0.134    -3.983    -0.114     2.147     0.000     0.000 

ddG: H119N     1.880     4.373    -0.686    -0.588    -0.063    -0.053     0.012    -0.084     0.053     1.127    -0.162     0.003     0.000     0.000     0.000    -0.001    -0.417    -0.502     0.168    -1.299     0.000     0.000 

ddG: S169P    12.693    -0.690     9.430    -4.247    -0.003    -0.094     1.142     0.905     0.053    -0.011     0.083     0.005     0.000     0.000     0.000     1.337     1.491     2.611     1.077    -0.396     0.000     0.000 

ddG: W399G     8.923    20.375    -5.110   -12.305    -0.014     2.225     0.031     0.059     0.104     0.226     2.727    -0.007     0.000     0.000     0.000    -0.016    -0.395     1.466     0.346    -0.789     0.000     0.000 

ddG: T218A    -0.021     2.595    -0.906    -4.395    -0.009     0.384     0.003     0.018    -0.011    -0.007     1.234    -0.002     0.000     0.000     0.000     0.181    -0.045     0.073     0.436     0.428     0.000     0.000 

ddG: N293A     1.137     6.318    -0.461    -7.855     0.003     1.669    -0.004     0.022     0.037     0.297     2.011    -0.002     0.000     0.000     0.000     0.247    -0.962    -1.535    -0.182     1.535     0.000     0.000 

ddG: N293Q     5.444     0.023     0.482    -2.022     0.003     2.397    -0.007     0.007     0.354     0.489     3.425     0.000     0.000     0.000     0.000    -0.336    -0.230     1.160    -0.064    -0.236     0.000     0.000 

ddG: F415N     3.266     6.528    -1.316     2.022    -0.020    -1.228    -0.006    -0.157    -0.116     0.032    -0.571    -0.002     0.000     0.000     0.000    -0.028    -0.218    -0.191    -0.089    -1.373     0.000     0.000 

ddG: N220Y    -3.215    -3.869     0.375    -0.782     0.015    -0.937    -0.007    -0.034     0.471     0.566    -0.210    -0.006     0.000     0.000     0.000    -0.032    -0.269     0.509    -0.080     1.074     0.000     0.000 

ddG: W399A     5.521    17.019    -3.640    -9.941    -0.038     1.888    -0.015     0.085    -0.060    -0.203     1.195    -0.007     0.000     0.000     0.000    -0.269     0.246    -0.980     0.578    -0.336     0.000     0.000 

ddG: M221A     3.996     5.733    -0.646    -1.387     0.003    -0.062    -0.006    -0.033     0.061     0.006    -0.039     0.000     0.000     0.000     0.000     0.153    -0.015    -0.383     0.178     0.434     0.000     0.000 

ddG: S16N     1.983    -5.917     0.983     4.279    -0.044     0.426     0.020    -0.143     0.114     1.166    -0.922     0.010     0.000     0.000     0.000     0.242    -0.580     3.122     0.347    -1.119     0.000     0.000 

ddG: G174R    18.022    -7.785     4.920    10.896     0.096     1.338     0.006     0.411     0.916    -0.263     0.250     0.001     0.000     0.000     0.000    -0.277     1.128     6.564     0.110    -0.290     0.000     0.000 

ddG: S16A    -0.771     0.713     0.122    -2.564     0.004     0.083    -0.001    -0.047     0.051    -0.289     0.927    -0.001     0.000     0.000     0.000     0.093    -0.070    -0.203    -0.004     0.416     0.000     0.000 

ddG: R240A    -0.252     7.650    -0.555    -8.726    -0.014     1.973    -0.002    -0.068    -0.011     0.088     1.878     0.001     0.000     0.000     0.000     0.123    -0.176    -2.924    -0.231     0.742     0.000     0.000 

ddG: R240K     1.140     3.247    -0.506    -4.105    -0.008     1.835    -0.004    -0.043    -0.062     0.135     1.954     0.000     0.000     0.000     0.000    -0.023    -0.134    -1.087     0.078    -0.138     0.000     0.000 

ddG: R240E     2.172     3.399    -0.529    -2.161    -0.008     1.699    -0.003    -0.057    -0.148     0.182     1.976     0.000     0.000     0.000     0.000     0.031    -0.241    -0.528    -0.034    -1.405     0.000     0.000 

ddG: W325A     1.319     9.131    -5.207    -1.386    -0.032     0.465     0.028    -0.014     0.050    -0.017    -0.196    -0.012     0.000     0.000     0.000    -0.199     0.044    -1.105     0.106    -0.336     0.000     0.000 

ddG: N293D     7.003    -0.317    -2.188     3.040     0.024     2.880     0.025    -0.015    -0.077     0.004     3.689     0.000     0.000     0.000     0.000     0.059    -0.628     0.950    -0.098    -0.345     0.000     0.000 

ddG: S331A    -2.454     0.187    -1.476    -2.502    -0.004     0.497    -0.001    -0.205     0.065     0.344     0.177    -0.001     0.000     0.000     0.000    -0.062    -0.116    -0.059     0.287     0.416     0.000     0.000 

ddG: T296A     1.158     2.474     0.277    -3.141    -0.010     0.734    -0.006    -0.134     0.064     1.169    -0.036     0.003     0.000     0.000     0.000     0.074    -0.084    -0.250    -0.405     0.428     0.000     0.000 

ddG: R240D     4.469     4.149    -0.787    -1.364    -0.013     2.415    -0.007    -0.078    -0.111     0.180     1.837    -0.001     0.000     0.000     0.000     0.205    -0.225    -0.618     0.026    -1.138     0.000     0.000 

